Removed Pin From Net: NetName=3V3 Pin=C1-1
Removed Pin From Net: NetName=3V3 Pin=C2-1
Removed Pin From Net: NetName=3V3 Pin=CON3-1
Removed Pin From Net: NetName=3V3 Pin=R1-2
Removed Pin From Net: NetName=3V3 Pin=U2-1
Removed Pin From Net: NetName=3V3 Pin=U2-11
Change Component Comment : Designator=CON3 Old Comment=Header 3 New Comment=TOUCH1
Change Component Comment : Designator=CON2 Old Comment=Header 3 New Comment=TOUCH2
Change Component Comment : Designator=CON5 Old Comment=Header 3 New Comment=TOUCH3
Change Component Comment : Designator=CON4 Old Comment=Header 3 New Comment=TOUCH4
Change Component Comment : Designator=CON6 Old Comment=Header 3 New Comment=USB
Added Pin To Net: NetName=3V3 Pin=CON2-1
Added Pin To Net: NetName=GND Pin=CON2-2
Added Pin To Net: NetName=3V Pin=C1-1
Added Pin To Net: NetName=3V Pin=C2-1
Added Pin To Net: NetName=3V Pin=CON3-1
Added Pin To Net: NetName=3V Pin=R1-2
Added Pin To Net: NetName=3V Pin=U2-1
Added Pin To Net: NetName=3V Pin=U2-11
Added Net: Name=3V
